<?xml version="1.0" encoding="UTF-8"?>
<testsuite xmlns:xsi="http://www.w3.org/2001/XMLSchema-instance" xsi:noNamespaceSchemaLocation="https://maven.apache.org/surefire/maven-surefire-plugin/xsd/surefire-test-report-3.0.xsd" version="3.0" name="TestSuite" time="62.466" tests="1" errors="0" skipped="0" failures="0">
  <properties>
[...]
</properties>
  <testcase name="runScenario[&quot;LTCDigitalStorefront_HomePage_Validation&quot;, &quot;Optional[Home feature of LTC Digital Storefront]&quot;](1)" classname="com.qa.ltcdigital.storefrontqadynamic.testrunner.TestRunner" time="56.819">
    <system-out><![CDATA[
@Home
Scenario Outline: LTCDigitalStorefront_HomePage_Validation                                  &amp#27;[90m# src/test/resources/featurefiles/HomePage.feature:19&amp#27;[0m
  &amp#27;[32mGiven &amp#27;[0m&amp#27;[32muser is on Login Page and user fills  &amp#27;[0m&amp#27;[32m&amp#27;[1m"R21InsuredHenry"&amp#27;[0m&amp#27;[32m value in the username field&amp#27;[0m &amp#27;[90m# com.qa.ltcdigital.storefrontqadynamic.stepdefintions.StepDefinition_LoginPage.user_is_on_login_page_and_user_fills_value_in_the_username_field(java.lang.String)&amp#27;[0m
  &amp#27;[32mThen &amp#27;[0m&amp#27;[32muser fills &amp#27;[0m&amp#27;[32m&amp#27;[1m"Temp@#123"&amp#27;[0m&amp#27;[32m value in the password field&amp#27;[0m                                   &amp#27;[90m# com.qa.ltcdigital.storefrontqadynamic.stepdefintions.StepDefinition_LoginPage.user_fills_value_in_the_password_field(java.lang.String)&amp#27;[0m
  &amp#27;[32mAnd &amp#27;[0m&amp#27;[32muser clicks login button&amp#27;[0m                                                              &amp#27;[90m# com.qa.ltcdigital.storefrontqadynamic.stepdefintions.StepDefinition_LoginPage.user_clicks_login_button()&amp#27;[0m
  &amp#27;[32mThen &amp#27;[0m&amp#27;[32muser lands on Home page and sees &amp#27;[0m&amp#27;[32m&amp#27;[1m"10000106"&amp#27;[0m                                          &amp#27;[90m# com.qa.ltcdigital.storefrontqadynamic.stepdefintions.StepDefinition_HomePage.user_lands_on_home_page_and_sees(java.lang.String)&amp#27;[0m
  &amp#27;[32mAnd &amp#27;[0m&amp#27;[32muser sees &amp#27;[0m&amp#27;[32m&amp#27;[1m"PRODUCT"&amp#27;[0m&amp#27;[32m field as expected&amp#27;[0m                                                 &amp#27;[90m# com.qa.ltcdigital.storefrontqadynamic.stepdefintions.StepDefinition_HomePage.user_sees_field_as_expected(java.lang.String)&amp#27;[0m
  &amp#27;[32mAnd &amp#27;[0m&amp#27;[32muser sees &amp#27;[0m&amp#27;[32m&amp#27;[1m"POLICY_STATUS"&amp#27;[0m&amp#27;[32m field as expected&amp#27;[0m                                           &amp#27;[90m# com.qa.ltcdigital.storefrontqadynamic.stepdefintions.StepDefinition_HomePage.user_sees_field_as_expected(java.lang.String)&amp#27;[0m
  &amp#27;[32mAnd &amp#27;[0m&amp#27;[32muser sees &amp#27;[0m&amp#27;[32m&amp#27;[1m"CLIENT_NAME"&amp#27;[0m&amp#27;[32m field as expected&amp#27;[0m                                             &amp#27;[90m# com.qa.ltcdigital.storefrontqadynamic.stepdefintions.StepDefinition_HomePage.user_sees_field_as_expected(java.lang.String)&amp#27;[0m
  &amp#27;[32mThen &amp#27;[0m&amp#27;[32muser sees and clicks on &amp#27;[0m&amp#27;[32m&amp#27;[1m"R15Insured_Henry R15Insured_Nicholls"&amp#27;[0m                       &amp#27;[90m# com.qa.ltcdigital.storefrontqadynamic.stepdefintions.StepDefinition_HomePage.user_sees_and_clicks_on(java.lang.String)&amp#27;[0m
  &amp#27;[32mThen &amp#27;[0m&amp#27;[32muser sees &amp#27;[0m&amp#27;[32m&amp#27;[1m"Preferences"&amp#27;[0m&amp#27;[32m in the dropdown and selects it&amp#27;[0m                               &amp#27;[90m# com.qa.ltcdigital.storefrontqadynamic.stepdefintions.StepDefinition_HomePage.user_sees_in_the_dropdown_and_selects_it(java.lang.String)&amp#27;[0m
  &amp#27;[32mAnd &amp#27;[0m&amp#27;[32muser clicks logout button on Preferences Page&amp#27;[0m                                         &amp#27;[90m# com.qa.ltcdigital.storefrontqadynamic.stepdefintions.StepDefinition_HomePage.user_clicks_logout_button_on_preferences_page()&amp#27;[0m
]]></system-out>
    <system-err><![CDATA[log4j:ERROR Could not find value for key log4j.appender.console
log4j:ERROR Could not instantiate appender named "console".
Starting ChromeDriver 2.38.552522 (437e6fbedfa8762dec75e2c5b3ddb86763dc9dcb) on port 30169
Only local connections are allowed.
Jan 27, 2021 11:28:29 PM org.openqa.selenium.remote.ProtocolHandshake createSession
INFO: Detected dialect: OSS
]]></system-err>
  </testcase>
</testsuite>